<?xml version="1.0" encoding="UTF-8"?>
<!-- Generated by org.testng.reporters.JUnitReportReporter -->
<testsuite skipped="0" hostname="DESKTOP-DT4EAKM" name="co.edu.icesi.internetcomputing.workshop.integration_tests.TsscTopicServiceTest" tests="7" failures="0" timestamp="2020-04-02T16:36:04 COT" time="0.079" errors="0">
  <testcase name="testAddTopic2" time="0.006" classname="co.edu.icesi.internetcomputing.workshop.integration_tests.TsscTopicServiceTest"/>
  <system-out/>
  <testcase name="testAddTopic1" time="0.019" classname="co.edu.icesi.internetcomputing.workshop.integration_tests.TsscTopicServiceTest"/>
  <system-out/>
  <testcase name="testAddTopicNull" time="0.005" classname="co.edu.icesi.internetcomputing.workshop.integration_tests.TsscTopicServiceTest"/>
  <system-out/>
  <testcase name="testAddTopic3" time="0.009" classname="co.edu.icesi.internetcomputing.workshop.integration_tests.TsscTopicServiceTest"/>
  <system-out/>
  <testcase name="testUpdateTopic2" time="0.012" classname="co.edu.icesi.internetcomputing.workshop.integration_tests.TsscTopicServiceTest"/>
  <system-out/>
  <testcase name="testUpdateTopic1" time="0.016" classname="co.edu.icesi.internetcomputing.workshop.integration_tests.TsscTopicServiceTest"/>
  <system-out/>
  <testcase name="testUpdateTopic3" time="0.012" classname="co.edu.icesi.internetcomputing.workshop.integration_tests.TsscTopicServiceTest"/>
  <system-out/>
</testsuite> <!-- co.edu.icesi.internetcomputing.workshop.integration_tests.TsscTopicServiceTest -->
