<?xml version="1.0" encoding="UTF-8"?>
<!-- Generated by org.testng.reporters.JUnitReportReporter -->
<testsuite skipped="0" hostname="DESKTOP-DT4EAKM" name="co.edu.icesi.internetcomputing.workshop.dao_tests.TsscTimeControlDaoTest" tests="5" failures="0" timestamp="2020-05-12T22:17:10 COT" time="0.198" errors="0">
  <testcase name="testDelete" time="0.049" classname="co.edu.icesi.internetcomputing.workshop.dao_tests.TsscTimeControlDaoTest"/>
  <system-out/>
  <testcase name="testFindAll" time="0.021" classname="co.edu.icesi.internetcomputing.workshop.dao_tests.TsscTimeControlDaoTest"/>
  <system-out/>
  <testcase name="testSaveTimeControl" time="0.019" classname="co.edu.icesi.internetcomputing.workshop.dao_tests.TsscTimeControlDaoTest"/>
  <system-out/>
  <testcase name="testFindById" time="0.039" classname="co.edu.icesi.internetcomputing.workshop.dao_tests.TsscTimeControlDaoTest"/>
  <system-out/>
  <testcase name="testUpdateTimeControl" time="0.070" classname="co.edu.icesi.internetcomputing.workshop.dao_tests.TsscTimeControlDaoTest"/>
  <system-out/>
</testsuite> <!-- co.edu.icesi.internetcomputing.workshop.dao_tests.TsscTimeControlDaoTest -->
