<?xml version="1.0" encoding="UTF-8"?>
<!-- Generated by org.testng.reporters.JUnitReportReporter -->
<testsuite skipped="0" hostname="DESKTOP-DT4EAKM" name="co.edu.icesi.internetcomputing.workshop.unit_tests.TsscGameServiceTest" tests="8" failures="0" timestamp="2020-03-30T19:43:47 COT" time="0.419" errors="0">
  <testcase name="testAddGame3" time="0.004" classname="co.edu.icesi.internetcomputing.workshop.unit_tests.TsscGameServiceTest"/>
  <system-out/>
  <testcase name="testAddGame4" time="0.021" classname="co.edu.icesi.internetcomputing.workshop.unit_tests.TsscGameServiceTest"/>
  <system-out/>
  <testcase name="testUpdateGame3" time="0.007" classname="co.edu.icesi.internetcomputing.workshop.unit_tests.TsscGameServiceTest"/>
  <system-out/>
  <testcase name="testAddTopicNull" time="0.294" classname="co.edu.icesi.internetcomputing.workshop.unit_tests.TsscGameServiceTest"/>
  <system-out/>
  <testcase name="testAddGame1" time="0.070" classname="co.edu.icesi.internetcomputing.workshop.unit_tests.TsscGameServiceTest"/>
  <system-out/>
  <testcase name="testAddGame2" time="0.011" classname="co.edu.icesi.internetcomputing.workshop.unit_tests.TsscGameServiceTest"/>
  <system-out/>
  <testcase name="testUpdateGame1" time="0.006" classname="co.edu.icesi.internetcomputing.workshop.unit_tests.TsscGameServiceTest"/>
  <system-out/>
  <testcase name="testUpdateGame2" time="0.006" classname="co.edu.icesi.internetcomputing.workshop.unit_tests.TsscGameServiceTest"/>
  <system-out/>
</testsuite> <!-- co.edu.icesi.internetcomputing.workshop.unit_tests.TsscGameServiceTest -->
