<?xml version="1.0" encoding="UTF-8"?>
<!-- Generated by org.testng.reporters.JUnitReportReporter -->
<testsuite skipped="0" hostname="DESKTOP-DT4EAKM" name="co.edu.icesi.internetcomputing.workshop.integration_tests.TsscGameServiceTest" tests="10" failures="0" timestamp="2020-04-03T10:19:12 COT" time="0.507" errors="0">
  <testcase name="testAddGame1" time="0.066" classname="co.edu.icesi.internetcomputing.workshop.integration_tests.TsscGameServiceTest"/>
  <system-out/>
  <testcase name="testUpdateGame2" time="0.024" classname="co.edu.icesi.internetcomputing.workshop.integration_tests.TsscGameServiceTest"/>
  <system-out/>
  <testcase name="testUpdateGame4" time="0.037" classname="co.edu.icesi.internetcomputing.workshop.integration_tests.TsscGameServiceTest"/>
  <system-out/>
  <testcase name="testAdd2Game1" time="0.225" classname="co.edu.icesi.internetcomputing.workshop.integration_tests.TsscGameServiceTest"/>
  <system-out/>
  <testcase name="testAddGame4" time="0.038" classname="co.edu.icesi.internetcomputing.workshop.integration_tests.TsscGameServiceTest"/>
  <system-out/>
  <testcase name="testAddGame2" time="0.013" classname="co.edu.icesi.internetcomputing.workshop.integration_tests.TsscGameServiceTest"/>
  <system-out/>
  <testcase name="testUpdateGame1" time="0.058" classname="co.edu.icesi.internetcomputing.workshop.integration_tests.TsscGameServiceTest"/>
  <system-out/>
  <testcase name="testAddGame3" time="0.013" classname="co.edu.icesi.internetcomputing.workshop.integration_tests.TsscGameServiceTest"/>
  <system-out/>
  <testcase name="testAddGameull" time="0.005" classname="co.edu.icesi.internetcomputing.workshop.integration_tests.TsscGameServiceTest"/>
  <system-out/>
  <testcase name="testUpdateGame3" time="0.028" classname="co.edu.icesi.internetcomputing.workshop.integration_tests.TsscGameServiceTest"/>
  <system-out/>
</testsuite> <!-- co.edu.icesi.internetcomputing.workshop.integration_tests.TsscGameServiceTest -->
