<?xml version="1.0" encoding="UTF-8"?>
<!-- Generated by org.testng.reporters.JUnitReportReporter -->
<testsuite skipped="0" hostname="DESKTOP-DT4EAKM" name="co.edu.icesi.internetcomputing.workshop.unit_tests.TsscStoryServiceTest" tests="5" failures="0" timestamp="2020-03-30T20:42:03 COT" time="0.447" errors="0">
  <testcase name="testAddGame3" time="0.004" classname="co.edu.icesi.internetcomputing.workshop.unit_tests.TsscStoryServiceTest"/>
  <system-out/>
  <testcase name="testAddStory1" time="0.056" classname="co.edu.icesi.internetcomputing.workshop.unit_tests.TsscStoryServiceTest"/>
  <system-out/>
  <testcase name="testAddGame4" time="0.007" classname="co.edu.icesi.internetcomputing.workshop.unit_tests.TsscStoryServiceTest"/>
  <system-out/>
  <testcase name="testAddGame2" time="0.370" classname="co.edu.icesi.internetcomputing.workshop.unit_tests.TsscStoryServiceTest"/>
  <system-out/>
  <testcase name="testAddGame5" time="0.010" classname="co.edu.icesi.internetcomputing.workshop.unit_tests.TsscStoryServiceTest"/>
  <system-out/>
</testsuite> <!-- co.edu.icesi.internetcomputing.workshop.unit_tests.TsscStoryServiceTest -->
