<?xml version="1.0" encoding="UTF-8"?>
<!-- Generated by org.testng.reporters.JUnitReportReporter -->
<testsuite skipped="0" hostname="DESKTOP-DT4EAKM" name="co.edu.icesi.internetcomputing.workshop.unit_tests.TsscStoryServiceTest" tests="9" failures="0" timestamp="2020-04-03T23:47:49 COT" time="0.399" errors="0">
  <testcase name="testAddGame3" time="0.003" classname="co.edu.icesi.internetcomputing.workshop.unit_tests.TsscStoryServiceTest"/>
  <system-out/>
  <testcase name="testAddStory1" time="0.015" classname="co.edu.icesi.internetcomputing.workshop.unit_tests.TsscStoryServiceTest"/>
  <system-out/>
  <testcase name="testUpdateStory4" time="0.315" classname="co.edu.icesi.internetcomputing.workshop.unit_tests.TsscStoryServiceTest"/>
  <system-out/>
  <testcase name="testUpdateStory2" time="0.004" classname="co.edu.icesi.internetcomputing.workshop.unit_tests.TsscStoryServiceTest"/>
  <system-out/>
  <testcase name="testUpdateStory1" time="0.003" classname="co.edu.icesi.internetcomputing.workshop.unit_tests.TsscStoryServiceTest"/>
  <system-out/>
  <testcase name="testAddGame4" time="0.006" classname="co.edu.icesi.internetcomputing.workshop.unit_tests.TsscStoryServiceTest"/>
  <system-out/>
  <testcase name="testAddGame5" time="0.006" classname="co.edu.icesi.internetcomputing.workshop.unit_tests.TsscStoryServiceTest"/>
  <system-out/>
  <testcase name="testUpdateStory3" time="0.009" classname="co.edu.icesi.internetcomputing.workshop.unit_tests.TsscStoryServiceTest"/>
  <system-out/>
  <testcase name="testAddGame2" time="0.038" classname="co.edu.icesi.internetcomputing.workshop.unit_tests.TsscStoryServiceTest"/>
  <system-out/>
</testsuite> <!-- co.edu.icesi.internetcomputing.workshop.unit_tests.TsscStoryServiceTest -->
