<?xml version="1.0" encoding="UTF-8"?>
<!-- Generated by org.testng.reporters.JUnitReportReporter -->
<testsuite skipped="0" hostname="DESKTOP-DT4EAKM" name="co.edu.icesi.internetcomputing.workshop.integration_tests.TsscStoryServiceTest" tests="9" failures="0" timestamp="2020-04-03T23:45:22 COT" time="1.067" errors="0">
  <testcase name="testAddStory3" time="0.042" classname="co.edu.icesi.internetcomputing.workshop.integration_tests.TsscStoryServiceTest"/>
  <system-out/>
  <testcase name="testAddStory4" time="0.036" classname="co.edu.icesi.internetcomputing.workshop.integration_tests.TsscStoryServiceTest"/>
  <system-out/>
  <testcase name="testUpdateStory1" time="0.284" classname="co.edu.icesi.internetcomputing.workshop.integration_tests.TsscStoryServiceTest"/>
  <system-out/>
  <testcase name="testUpdateStory4" time="0.123" classname="co.edu.icesi.internetcomputing.workshop.integration_tests.TsscStoryServiceTest"/>
  <system-out/>
  <testcase name="testAddStory1" time="0.102" classname="co.edu.icesi.internetcomputing.workshop.integration_tests.TsscStoryServiceTest"/>
  <system-out/>
  <testcase name="testAddStory2" time="0.025" classname="co.edu.icesi.internetcomputing.workshop.integration_tests.TsscStoryServiceTest"/>
  <system-out/>
  <testcase name="testUpdateStory2" time="0.140" classname="co.edu.icesi.internetcomputing.workshop.integration_tests.TsscStoryServiceTest"/>
  <system-out/>
  <testcase name="testAddStory5" time="0.229" classname="co.edu.icesi.internetcomputing.workshop.integration_tests.TsscStoryServiceTest"/>
  <system-out/>
  <testcase name="testUpdateStory3" time="0.086" classname="co.edu.icesi.internetcomputing.workshop.integration_tests.TsscStoryServiceTest"/>
  <system-out/>
</testsuite> <!-- co.edu.icesi.internetcomputing.workshop.integration_tests.TsscStoryServiceTest -->
