<?xml version="1.0" encoding="UTF-8"?>
<!-- Generated by org.testng.reporters.JUnitReportReporter -->
<testsuite skipped="0" hostname="DESKTOP-DT4EAKM" name="co.edu.icesi.internetcomputing.workshop.dao_tests.TsscGameDaoTest" tests="10" failures="0" timestamp="2020-05-12T22:17:10 COT" time="0.658" errors="0">
  <testcase name="testSaveGame" time="0.013" classname="co.edu.icesi.internetcomputing.workshop.dao_tests.TsscGameDaoTest"/>
  <system-out/>
  <testcase name="testFindByDateHours" time="0.126" classname="co.edu.icesi.internetcomputing.workshop.dao_tests.TsscGameDaoTest"/>
  <system-out/>
  <testcase name="testFindAll" time="0.249" classname="co.edu.icesi.internetcomputing.workshop.dao_tests.TsscGameDaoTest"/>
  <system-out/>
  <testcase name="testFindByTopicId" time="0.029" classname="co.edu.icesi.internetcomputing.workshop.dao_tests.TsscGameDaoTest"/>
  <system-out/>
  <testcase name="testUpdateGame" time="0.051" classname="co.edu.icesi.internetcomputing.workshop.dao_tests.TsscGameDaoTest"/>
  <system-out/>
  <testcase name="testFindByDescription" time="0.030" classname="co.edu.icesi.internetcomputing.workshop.dao_tests.TsscGameDaoTest"/>
  <system-out/>
  <testcase name="testFindByRangeDatesd" time="0.020" classname="co.edu.icesi.internetcomputing.workshop.dao_tests.TsscGameDaoTest"/>
  <system-out/>
  <testcase name="testFindByName" time="0.021" classname="co.edu.icesi.internetcomputing.workshop.dao_tests.TsscGameDaoTest"/>
  <system-out/>
  <testcase name="testFindById" time="0.026" classname="co.edu.icesi.internetcomputing.workshop.dao_tests.TsscGameDaoTest"/>
  <system-out/>
  <testcase name="testDelete" time="0.093" classname="co.edu.icesi.internetcomputing.workshop.dao_tests.TsscGameDaoTest"/>
  <system-out/>
</testsuite> <!-- co.edu.icesi.internetcomputing.workshop.dao_tests.TsscGameDaoTest -->
