<?xml version="1.0" encoding="UTF-8"?>
<!-- Generated by org.testng.reporters.JUnitReportReporter -->
<testsuite skipped="0" hostname="DESKTOP-DT4EAKM" name="co.edu.icesi.internetcomputing.workshop.dao_tests.TsscTopicDaoTest" tests="6" failures="0" timestamp="2020-05-12T22:17:10 COT" time="0.194" errors="0">
  <testcase name="testUpdateTopic" time="0.022" classname="co.edu.icesi.internetcomputing.workshop.dao_tests.TsscTopicDaoTest"/>
  <system-out/>
  <testcase name="testFindByDescription" time="0.024" classname="co.edu.icesi.internetcomputing.workshop.dao_tests.TsscTopicDaoTest"/>
  <system-out/>
  <testcase name="testFindByName" time="0.023" classname="co.edu.icesi.internetcomputing.workshop.dao_tests.TsscTopicDaoTest"/>
  <system-out/>
  <testcase name="testFindById" time="0.011" classname="co.edu.icesi.internetcomputing.workshop.dao_tests.TsscTopicDaoTest"/>
  <system-out/>
  <testcase name="testDelete" time="0.095" classname="co.edu.icesi.internetcomputing.workshop.dao_tests.TsscTopicDaoTest"/>
  <system-out/>
  <testcase name="testFindAll" time="0.019" classname="co.edu.icesi.internetcomputing.workshop.dao_tests.TsscTopicDaoTest"/>
  <system-out/>
</testsuite> <!-- co.edu.icesi.internetcomputing.workshop.dao_tests.TsscTopicDaoTest -->
