<?xml version="1.0" encoding="UTF-8"?>
<!-- Generated by org.testng.reporters.JUnitReportReporter -->
<testsuite skipped="0" hostname="DESKTOP-DT4EAKM" name="co.edu.icesi.internetcomputing.workshop.unit_tests.TsscTopicServiceTest" tests="7" failures="0" timestamp="2020-03-30T23:24:52 COT" time="0.026" errors="0">
  <testcase name="testUpdateTopic1" time="0.002" classname="co.edu.icesi.internetcomputing.workshop.unit_tests.TsscTopicServiceTest"/>
  <system-out/>
  <testcase name="testAddTopic2" time="0.002" classname="co.edu.icesi.internetcomputing.workshop.unit_tests.TsscTopicServiceTest"/>
  <system-out/>
  <testcase name="testAddTopicNull" time="0.004" classname="co.edu.icesi.internetcomputing.workshop.unit_tests.TsscTopicServiceTest"/>
  <system-out/>
  <testcase name="testUpdateTopic3" time="0.003" classname="co.edu.icesi.internetcomputing.workshop.unit_tests.TsscTopicServiceTest"/>
  <system-out/>
  <testcase name="testUpdateTopic2" time="0.006" classname="co.edu.icesi.internetcomputing.workshop.unit_tests.TsscTopicServiceTest"/>
  <system-out/>
  <testcase name="testAddTopic3" time="0.002" classname="co.edu.icesi.internetcomputing.workshop.unit_tests.TsscTopicServiceTest"/>
  <system-out/>
  <testcase name="testAddTopic1" time="0.007" classname="co.edu.icesi.internetcomputing.workshop.unit_tests.TsscTopicServiceTest"/>
  <system-out/>
</testsuite> <!-- co.edu.icesi.internetcomputing.workshop.unit_tests.TsscTopicServiceTest -->
