<?xml version="1.0" encoding="UTF-8"?>
<!-- Generated by org.testng.reporters.JUnitReportReporter -->
<testsuite skipped="0" hostname="DESKTOP-DT4EAKM" name="co.edu.icesi.internetcomputing.workshop.unit_tests.TsscGameServiceTest" tests="9" failures="0" timestamp="2020-04-03T23:47:49 COT" time="0.265" errors="0">
  <testcase name="testAddTopicNull" time="0.002" classname="co.edu.icesi.internetcomputing.workshop.unit_tests.TsscGameServiceTest"/>
  <system-out/>
  <testcase name="testUpdateGame1" time="0.003" classname="co.edu.icesi.internetcomputing.workshop.unit_tests.TsscGameServiceTest"/>
  <system-out/>
  <testcase name="testAdd2Game1" time="0.233" classname="co.edu.icesi.internetcomputing.workshop.unit_tests.TsscGameServiceTest"/>
  <system-out/>
  <testcase name="testAddGame4" time="0.002" classname="co.edu.icesi.internetcomputing.workshop.unit_tests.TsscGameServiceTest"/>
  <system-out/>
  <testcase name="testAddGame1" time="0.002" classname="co.edu.icesi.internetcomputing.workshop.unit_tests.TsscGameServiceTest"/>
  <system-out/>
  <testcase name="testAddGame2" time="0.002" classname="co.edu.icesi.internetcomputing.workshop.unit_tests.TsscGameServiceTest"/>
  <system-out/>
  <testcase name="testAddGame3" time="0.004" classname="co.edu.icesi.internetcomputing.workshop.unit_tests.TsscGameServiceTest"/>
  <system-out/>
  <testcase name="testUpdateGame2" time="0.003" classname="co.edu.icesi.internetcomputing.workshop.unit_tests.TsscGameServiceTest"/>
  <system-out/>
  <testcase name="testUpdateGame3" time="0.014" classname="co.edu.icesi.internetcomputing.workshop.unit_tests.TsscGameServiceTest"/>
  <system-out/>
</testsuite> <!-- co.edu.icesi.internetcomputing.workshop.unit_tests.TsscGameServiceTest -->
