<?xml version="1.0" encoding="UTF-8"?>
<!-- Generated by org.testng.reporters.JUnitReportReporter -->
<testsuite skipped="0" hostname="DESKTOP-DT4EAKM" name="co.edu.icesi.internetcomputing.workshop.integration_tests.TsscTopicServiceTest" tests="7" failures="0" timestamp="2020-03-30T23:28:49 COT" time="0.929" errors="0">
  <testcase name="testAddTopic1" time="0.755" classname="co.edu.icesi.internetcomputing.workshop.integration_tests.TsscTopicServiceTest"/>
  <system-out/>
  <testcase name="testAddTopic3" time="0.016" classname="co.edu.icesi.internetcomputing.workshop.integration_tests.TsscTopicServiceTest"/>
  <system-out/>
  <testcase name="testUpdateTopic2" time="0.037" classname="co.edu.icesi.internetcomputing.workshop.integration_tests.TsscTopicServiceTest"/>
  <system-out/>
  <testcase name="testAddTopicNull" time="0.028" classname="co.edu.icesi.internetcomputing.workshop.integration_tests.TsscTopicServiceTest"/>
  <system-out/>
  <testcase name="testUpdateTopic1" time="0.056" classname="co.edu.icesi.internetcomputing.workshop.integration_tests.TsscTopicServiceTest"/>
  <system-out/>
  <testcase name="testUpdateTopic3" time="0.030" classname="co.edu.icesi.internetcomputing.workshop.integration_tests.TsscTopicServiceTest"/>
  <system-out/>
  <testcase name="testAddTopic2" time="0.007" classname="co.edu.icesi.internetcomputing.workshop.integration_tests.TsscTopicServiceTest"/>
  <system-out/>
</testsuite> <!-- co.edu.icesi.internetcomputing.workshop.integration_tests.TsscTopicServiceTest -->
