<?xml version="1.0" encoding="UTF-8"?>
<!-- Generated by org.testng.reporters.JUnitReportReporter -->
<testsuite skipped="0" hostname="DESKTOP-DT4EAKM" name="co.edu.icesi.internetcomputing.workshop.dao_tests.TsscAdminDaoTest" tests="5" failures="0" timestamp="2020-05-12T22:17:10 COT" time="0.267" errors="0">
  <testcase name="testFindAll" time="0.021" classname="co.edu.icesi.internetcomputing.workshop.dao_tests.TsscAdminDaoTest"/>
  <system-out/>
  <testcase name="testSaveAdmin" time="0.010" classname="co.edu.icesi.internetcomputing.workshop.dao_tests.TsscAdminDaoTest"/>
  <system-out/>
  <testcase name="testFindByUserName" time="0.013" classname="co.edu.icesi.internetcomputing.workshop.dao_tests.TsscAdminDaoTest"/>
  <system-out/>
  <testcase name="testUpdateAdmin" time="0.208" classname="co.edu.icesi.internetcomputing.workshop.dao_tests.TsscAdminDaoTest"/>
  <system-out/>
  <testcase name="testUpdateDelete" time="0.015" classname="co.edu.icesi.internetcomputing.workshop.dao_tests.TsscAdminDaoTest"/>
  <system-out/>
</testsuite> <!-- co.edu.icesi.internetcomputing.workshop.dao_tests.TsscAdminDaoTest -->
