<?xml version="1.0" encoding="UTF-8"?>
<!-- Generated by org.testng.reporters.JUnitReportReporter -->
<testsuite skipped="9" hostname="DESKTOP-DT4EAKM" name="co.edu.icesi.internetcomputing.workshop.integration_tests.TsscStoryServiceTest" tests="10" failures="0" timestamp="2020-05-12T22:31:52 COT" time="0.032" errors="1">
  <testcase name="testAddStory2" time="0.001" classname="co.edu.icesi.internetcomputing.workshop.integration_tests.TsscStoryServiceTest">
    <skipped/>
  </testcase> <!-- testAddStory2 -->
  <system-out/>
  <testcase name="testUpdateStory2" time="0.004" classname="co.edu.icesi.internetcomputing.workshop.integration_tests.TsscStoryServiceTest">
    <skipped/>
  </testcase> <!-- testUpdateStory2 -->
  <system-out/>
  <testcase name="testUpdateStory3" time="0.005" classname="co.edu.icesi.internetcomputing.workshop.integration_tests.TsscStoryServiceTest">
    <skipped/>
  </testcase> <!-- testUpdateStory3 -->
  <system-out/>
  <testcase name="testUpdateStory1" time="0.003" classname="co.edu.icesi.internetcomputing.workshop.integration_tests.TsscStoryServiceTest">
    <skipped/>
  </testcase> <!-- testUpdateStory1 -->
  <system-out/>
  <testcase name="initialize" time="0.005" classname="co.edu.icesi.internetcomputing.workshop.integration_tests.TsscStoryServiceTest">
    <error type="org.springframework.dao.InvalidDataAccessApiUsageException" message="detached entity passed to persist: co.edu.icesi.internetcomputing.workshop.model.TsscGame; nested exception is org.hibernate.PersistentObjectException: detached entity passed to persist: co.edu.icesi.internetcomputing.workshop.model.TsscGame">
      <![CDATA[org.springframework.dao.InvalidDataAccessApiUsageException: detached entity passed to persist: co.edu.icesi.internetcomputing.workshop.model.TsscGame; nested exception is org.hibernate.PersistentObjectException: detached entity passed to persist: co.edu.icesi.internetcomputing.workshop.model.TsscGame
at org.springframework.orm.jpa.vendor.HibernateJpaDialect.convertHibernateAccessException(HibernateJpaDialect.java:319)
at org.springframework.orm.jpa.vendor.HibernateJpaDialect.translateExceptionIfPossible(HibernateJpaDialect.java:255)
at org.springframework.orm.jpa.AbstractEntityManagerFactoryBean.translateExceptionIfPossible(AbstractEntityManagerFactoryBean.java:528)
at org.springframework.dao.support.ChainedPersistenceExceptionTranslator.translateExceptionIfPossible(ChainedPersistenceExceptionTranslator.java:61)
at org.springframework.dao.support.DataAccessUtils.translateIfNecessary(DataAccessUtils.java:242)
at org.springframework.dao.support.PersistenceExceptionTranslationInterceptor.invoke(PersistenceExceptionTranslationInterceptor.java:153)
at org.springframework.aop.framework.ReflectiveMethodInvocation.proceed(ReflectiveMethodInvocation.java:186)
at org.springframework.aop.framework.CglibAopProxy$CglibMethodInvocation.proceed(CglibAopProxy.java:747)
at org.springframework.transaction.interceptor.TransactionAspectSupport.invokeWithinTransaction(TransactionAspectSupport.java:366)
at org.springframework.transaction.interceptor.TransactionInterceptor.invoke(TransactionInterceptor.java:99)
at org.springframework.aop.framework.ReflectiveMethodInvocation.proceed(ReflectiveMethodInvocation.java:186)
at org.springframework.aop.framework.CglibAopProxy$CglibMethodInvocation.proceed(CglibAopProxy.java:747)
at org.springframework.aop.framework.CglibAopProxy$DynamicAdvisedInterceptor.intercept(CglibAopProxy.java:689)
at co.edu.icesi.internetcomputing.workshop.dao.TsscGameDao$$EnhancerBySpringCGLIB$$f8cfa01f.save(<generated>)
at co.edu.icesi.internetcomputing.workshop.services.TsscGameServiceImp.save(TsscGameServiceImp.java:50)
at co.edu.icesi.internetcomputing.workshop.services.TsscGameServiceImp$$FastClassBySpringCGLIB$$68d50403.invoke(<generated>)
at org.springframework.cglib.proxy.MethodProxy.invoke(MethodProxy.java:218)
at org.springframework.aop.framework.CglibAopProxy$DynamicAdvisedInterceptor.intercept(CglibAopProxy.java:685)
at co.edu.icesi.internetcomputing.workshop.services.TsscGameServiceImp$$EnhancerBySpringCGLIB$$4a096c78.save(<generated>)
at co.edu.icesi.internetcomputing.workshop.integration_tests.TsscStoryServiceTest.initialize(TsscStoryServiceTest.java:51)
at sun.reflect.NativeMethodAccessorImpl.invoke0(Native Method)
at sun.reflect.NativeMethodAccessorImpl.invoke(Unknown Source)
at sun.reflect.DelegatingMethodAccessorImpl.invoke(Unknown Source)
at java.lang.reflect.Method.invoke(Unknown Source)
at org.testng.internal.MethodInvocationHelper.invokeMethod(MethodInvocationHelper.java:134)
at org.testng.internal.MethodInvocationHelper.invokeMethodConsideringTimeout(MethodInvocationHelper.java:63)
at org.testng.internal.ConfigInvoker.invokeConfigurationMethod(ConfigInvoker.java:348)
at org.testng.internal.ConfigInvoker.invokeConfigurations(ConfigInvoker.java:302)
at org.testng.internal.TestMethodWorker.invokeBeforeClassMethods(TestMethodWorker.java:176)
at org.testng.internal.TestMethodWorker.run(TestMethodWorker.java:122)
at java.util.ArrayList.forEach(Unknown Source)
at org.testng.TestRunner.privateRun(TestRunner.java:766)
at org.testng.TestRunner.run(TestRunner.java:587)
at org.testng.SuiteRunner.runTest(SuiteRunner.java:384)
at org.testng.SuiteRunner.runSequentially(SuiteRunner.java:378)
at org.testng.SuiteRunner.privateRun(SuiteRunner.java:337)
at org.testng.SuiteRunner.run(SuiteRunner.java:286)
at org.testng.SuiteRunnerWorker.runSuite(SuiteRunnerWorker.java:53)
at org.testng.SuiteRunnerWorker.run(SuiteRunnerWorker.java:96)
at org.testng.TestNG.runSuitesSequentially(TestNG.java:1187)
at org.testng.TestNG.runSuitesLocally(TestNG.java:1109)
at org.testng.TestNG.runSuites(TestNG.java:1039)
at org.testng.TestNG.run(TestNG.java:1007)
at org.testng.remote.AbstractRemoteTestNG.run(AbstractRemoteTestNG.java:115)
at org.testng.remote.RemoteTestNG.initAndRun(RemoteTestNG.java:251)
at org.testng.remote.RemoteTestNG.main(RemoteTestNG.java:77)
Caused by: org.hibernate.PersistentObjectException: detached entity passed to persist: co.edu.icesi.internetcomputing.workshop.model.TsscGame
at org.hibernate.event.internal.DefaultPersistEventListener.onPersist(DefaultPersistEventListener.java:120)
at org.hibernate.event.internal.DefaultPersistEventListener.onPersist(DefaultPersistEventListener.java:55)
at org.hibernate.event.service.internal.EventListenerGroupImpl.fireEventOnEachListener(EventListenerGroupImpl.java:102)
at org.hibernate.internal.SessionImpl.firePersist(SessionImpl.java:710)
at org.hibernate.internal.SessionImpl.persist(SessionImpl.java:696)
at sun.reflect.NativeMethodAccessorImpl.invoke0(Native Method)
at sun.reflect.NativeMethodAccessorImpl.invoke(Unknown Source)
at sun.reflect.DelegatingMethodAccessorImpl.invoke(Unknown Source)
at java.lang.reflect.Method.invoke(Unknown Source)
at org.springframework.orm.jpa.SharedEntityManagerCreator$SharedEntityManagerInvocationHandler.invoke(SharedEntityManagerCreator.java:314)
at com.sun.proxy.$Proxy116.persist(Unknown Source)
at co.edu.icesi.internetcomputing.workshop.dao.TsscGameDao.save(TsscGameDao.java:26)
at co.edu.icesi.internetcomputing.workshop.dao.TsscGameDao$$FastClassBySpringCGLIB$$83410930.invoke(<generated>)
at org.springframework.cglib.proxy.MethodProxy.invoke(MethodProxy.java:218)
at org.springframework.aop.framework.CglibAopProxy$CglibMethodInvocation.invokeJoinpoint(CglibAopProxy.java:769)
at org.springframework.aop.framework.ReflectiveMethodInvocation.proceed(ReflectiveMethodInvocation.java:163)
at org.springframework.aop.framework.CglibAopProxy$CglibMethodInvocation.proceed(CglibAopProxy.java:747)
at org.springframework.dao.support.PersistenceExceptionTranslationInterceptor.invoke(PersistenceExceptionTranslationInterceptor.java:139)
... 40 more
]]>
    </error>
  </testcase> <!-- initialize -->
  <system-out/>
  <testcase name="testAddStory3" time="0.003" classname="co.edu.icesi.internetcomputing.workshop.integration_tests.TsscStoryServiceTest">
    <skipped/>
  </testcase> <!-- testAddStory3 -->
  <system-out/>
  <testcase name="testAddStory1" time="0.005" classname="co.edu.icesi.internetcomputing.workshop.integration_tests.TsscStoryServiceTest">
    <skipped/>
  </testcase> <!-- testAddStory1 -->
  <system-out/>
  <testcase name="testAddStory5" time="0.002" classname="co.edu.icesi.internetcomputing.workshop.integration_tests.TsscStoryServiceTest">
    <skipped/>
  </testcase> <!-- testAddStory5 -->
  <system-out/>
  <testcase name="testUpdateStory4" time="0.004" classname="co.edu.icesi.internetcomputing.workshop.integration_tests.TsscStoryServiceTest">
    <skipped/>
  </testcase> <!-- testUpdateStory4 -->
  <system-out/>
  <testcase name="testAddStory4" time="0.000" classname="co.edu.icesi.internetcomputing.workshop.integration_tests.TsscStoryServiceTest">
    <skipped/>
  </testcase> <!-- testAddStory4 -->
  <system-out/>
</testsuite> <!-- co.edu.icesi.internetcomputing.workshop.integration_tests.TsscStoryServiceTest -->
