<?xml version="1.0" encoding="UTF-8"?>
<!-- Generated by org.testng.reporters.JUnitReportReporter -->
<testsuite skipped="0" hostname="DESKTOP-DT4EAKM" name="co.edu.icesi.internetcomputing.workshop.unit_tests.TsscGameServiceTest" tests="8" failures="0" timestamp="2020-03-30T23:24:52 COT" time="0.046" errors="0">
  <testcase name="testUpdateGame1" time="0.004" classname="co.edu.icesi.internetcomputing.workshop.unit_tests.TsscGameServiceTest"/>
  <system-out/>
  <testcase name="testAddGame2" time="0.005" classname="co.edu.icesi.internetcomputing.workshop.unit_tests.TsscGameServiceTest"/>
  <system-out/>
  <testcase name="testUpdateGame2" time="0.005" classname="co.edu.icesi.internetcomputing.workshop.unit_tests.TsscGameServiceTest"/>
  <system-out/>
  <testcase name="testAddGame4" time="0.005" classname="co.edu.icesi.internetcomputing.workshop.unit_tests.TsscGameServiceTest"/>
  <system-out/>
  <testcase name="testAddGame1" time="0.003" classname="co.edu.icesi.internetcomputing.workshop.unit_tests.TsscGameServiceTest"/>
  <system-out/>
  <testcase name="testAddGame3" time="0.015" classname="co.edu.icesi.internetcomputing.workshop.unit_tests.TsscGameServiceTest"/>
  <system-out/>
  <testcase name="testAddTopicNull" time="0.004" classname="co.edu.icesi.internetcomputing.workshop.unit_tests.TsscGameServiceTest"/>
  <system-out/>
  <testcase name="testUpdateGame3" time="0.005" classname="co.edu.icesi.internetcomputing.workshop.unit_tests.TsscGameServiceTest"/>
  <system-out/>
</testsuite> <!-- co.edu.icesi.internetcomputing.workshop.unit_tests.TsscGameServiceTest -->
