<?xml version="1.0" encoding="UTF-8"?>
<!-- Generated by org.testng.reporters.JUnitReportReporter -->
<testsuite skipped="0" hostname="DESKTOP-DT4EAKM" name="co.edu.icesi.internetcomputing.workshop.integration_tests.TsscStoryServiceTest" tests="1" failures="0" timestamp="2020-03-31T00:11:33 COT" time="0.096" errors="0">
  <testcase name="testAddStory1" time="0.096" classname="co.edu.icesi.internetcomputing.workshop.integration_tests.TsscStoryServiceTest"/>
  <system-out/>
</testsuite> <!-- co.edu.icesi.internetcomputing.workshop.integration_tests.TsscStoryServiceTest -->
