<?xml version="1.0" encoding="UTF-8"?>
<!-- Generated by org.testng.reporters.JUnitReportReporter -->
<testsuite skipped="0" hostname="DESKTOP-DT4EAKM" name="co.edu.icesi.internetcomputing.workshop.dao_tests.TsscStoryDaoTest" tests="5" failures="0" timestamp="2020-05-12T22:17:10 COT" time="0.209" errors="0">
  <testcase name="testUpdateStory" time="0.034" classname="co.edu.icesi.internetcomputing.workshop.dao_tests.TsscStoryDaoTest"/>
  <system-out/>
  <testcase name="testSaveStory" time="0.033" classname="co.edu.icesi.internetcomputing.workshop.dao_tests.TsscStoryDaoTest"/>
  <system-out/>
  <testcase name="testFindById" time="0.037" classname="co.edu.icesi.internetcomputing.workshop.dao_tests.TsscStoryDaoTest"/>
  <system-out/>
  <testcase name="testDelete" time="0.073" classname="co.edu.icesi.internetcomputing.workshop.dao_tests.TsscStoryDaoTest"/>
  <system-out/>
  <testcase name="testFindAll" time="0.032" classname="co.edu.icesi.internetcomputing.workshop.dao_tests.TsscStoryDaoTest"/>
  <system-out/>
</testsuite> <!-- co.edu.icesi.internetcomputing.workshop.dao_tests.TsscStoryDaoTest -->
